2023-03-18 06:48:16.540 - INFO - 19353 - azureml.train.automl._experiment_drivers.driver_utilities.modify_run_configuration:224 - Package azureml-train-automl missing from dependencies file.
2023-03-18 06:48:16.541 - INFO - 19353 - azureml.train.automl._experiment_drivers.driver_utilities.modify_run_configuration:230 - Using pinned version: azureml-train-automl==1.48.0.*
2023-03-18 06:48:16.541 - INFO - 19353 - azureml.train.automl._experiment_drivers.driver_utilities.modify_run_configuration:224 - Package pandas missing from dependencies file.
2023-03-18 06:48:16.541 - INFO - 19353 - azureml.train.automl._experiment_drivers.driver_utilities.modify_run_configuration:230 - Using pinned version: pandas==1.1.5
2023-03-18 06:48:16.542 - INFO - 19353 - azureml.train.automl._experiment_drivers.driver_utilities.modify_run_configuration:224 - Package psutil missing from dependencies file.
2023-03-18 06:48:16.542 - INFO - 19353 - azureml.train.automl._experiment_drivers.driver_utilities.modify_run_configuration:230 - Using pinned version: psutil>5.0.0,<6.0.0
2023-03-18 06:48:16.542 - INFO - 19353 - azureml.train.automl._experiment_drivers.driver_utilities.modify_run_configuration:224 - Package scikit-learn missing from dependencies file.
2023-03-18 06:48:16.543 - INFO - 19353 - azureml.train.automl._experiment_drivers.driver_utilities.modify_run_configuration:230 - Using pinned version: scikit-learn==0.22.1
2023-03-18 06:48:16.544 - INFO - 19353 - azureml.train.automl._experiment_drivers.driver_utilities.modify_run_configuration:224 - Package numpy missing from dependencies file.
2023-03-18 06:48:16.544 - INFO - 19353 - azureml.train.automl._experiment_drivers.driver_utilities.modify_run_configuration:230 - Using pinned version: numpy~=1.18.0
2023-03-18 06:48:16.544 - INFO - 19353 - azureml.train.automl._experiment_drivers.driver_utilities.modify_run_configuration:224 - Package py-xgboost missing from dependencies file.
2023-03-18 06:48:16.545 - INFO - 19353 - azureml.train.automl._experiment_drivers.driver_utilities.modify_run_configuration:230 - Using pinned version: py-xgboost==1.3.3
2023-03-18 06:48:16.545 - INFO - 19353 - azureml.train.automl._experiment_drivers.driver_utilities.modify_run_configuration:224 - Package inference-schema missing from dependencies file.
2023-03-18 06:48:16.545 - INFO - 19353 - azureml.train.automl._experiment_drivers.driver_utilities.modify_run_configuration:234 - Using installed version: inference-schema==1.5
2023-03-18 06:48:16.546 - INFO - 19353 - azureml.train.automl._experiment_drivers.driver_utilities.modify_run_configuration:224 - Package fbprophet missing from dependencies file.
2023-03-18 06:48:16.546 - INFO - 19353 - azureml.train.automl._experiment_drivers.driver_utilities.modify_run_configuration:230 - Using pinned version: fbprophet==0.7.1
2023-03-18 06:48:16.546 - INFO - 19353 - azureml.train.automl._experiment_drivers.driver_utilities.modify_run_configuration:224 - Package holidays missing from dependencies file.
2023-03-18 06:48:16.547 - INFO - 19353 - azureml.train.automl._experiment_drivers.driver_utilities.modify_run_configuration:230 - Using pinned version: holidays==0.10.3
2023-03-18 06:48:16.547 - INFO - 19353 - azureml.train.automl._experiment_drivers.driver_utilities.modify_run_configuration:224 - Package joblib missing from dependencies file.
2023-03-18 06:48:16.547 - INFO - 19353 - azureml.train.automl._experiment_drivers.driver_utilities.modify_run_configuration:230 - Using pinned version: joblib==0.14.1
2023-03-18 06:48:16.548 - INFO - 19353 - azureml.train.automl._experiment_drivers.driver_utilities.modify_run_configuration:224 - Package pystan missing from dependencies file.
2023-03-18 06:48:16.548 - INFO - 19353 - azureml.train.automl._experiment_drivers.driver_utilities.modify_run_configuration:230 - Using pinned version: pystan==2.19.1.1
2023-03-18 06:48:16.548 - INFO - 19353 - azureml.train.automl._experiment_drivers.driver_utilities.modify_run_configuration:224 - Package setuptools-git missing from dependencies file.
2023-03-18 06:48:16.549 - INFO - 19353 - azureml.train.automl._experiment_drivers.driver_utilities.modify_run_configuration:234 - Using installed version: setuptools-git==1.2
2023-03-18 06:48:16.549 - INFO - 19353 - azureml.train.automl._experiment_drivers.driver_utilities.modify_run_configuration:224 - Package urllib3 missing from dependencies file.
2023-03-18 06:48:16.549 - INFO - 19353 - azureml.train.automl._experiment_drivers.driver_utilities.modify_run_configuration:234 - Using installed version: urllib3==1.26.13
2023-03-18 06:48:16.550 - INFO - 19353 - azureml.train.automl._experiment_drivers.driver_utilities.modify_run_configuration:224 - Package azure-core missing from dependencies file.
2023-03-18 06:48:16.550 - INFO - 19353 - azureml.train.automl._experiment_drivers.driver_utilities.modify_run_configuration:234 - Using installed version: azure-core==1.26.1
2023-03-18 06:48:16.551 - INFO - 19353 - azureml.automl.core.dataset_utilities._save_datasets_to_json:255 - JSON serialization of input of type <class 'NoneType'> is un-supported.
2023-03-18 06:48:16.551 - INFO - 19353 - azureml.automl.core.dataset_utilities._save_datasets_to_json:255 - JSON serialization of input of type <class 'NoneType'> is un-supported.
2023-03-18 06:48:16.552 - INFO - 19353 - azureml.train.automl._experiment_drivers.driver_utilities.validate_input:124 - Start data validation.
2023-03-18 06:48:17.801 - INFO - 19353 - azureml.train.automl._experiment_drivers.driver_utilities.validate_input:137 - Validation service found the data has no errors.
2023-03-18 06:48:17.802 - INFO - 19353 - azureml.train.automl._experiment_drivers.driver_utilities.create_remote_parent_run:381 - Start creating parent run.
2023-03-18 06:48:18.222 - INFO - 19353 - azureml.train.automl._experiment_drivers.driver_utilities.create_remote_parent_run:401 - [ParentRunID:AutoML_72030f7f-807e-4c63-a3aa-7a3f904284d3] Remote run using input X and y.
2023-03-18 06:48:18.752 - INFO - 19353 - azureml.train.automl._experiment_drivers.driver_utilities.start_remote_run:336 - Starting a snapshot run (snapshot_id : None)
